<?xml version="1.0" encoding="UTF-8"?>
<!-- Generated by org.testng.reporters.JUnitXMLReporter -->
<testsuite ignored="0" hostname="LAPTOP-PVIVP30C" failures="0" tests="4" name="Default test" time="9.29" errors="0" timestamp="2024-05-08T11:54:23 ART">
  <testcase classname="day1.HTTPRequest" name="getUsers" time="6.093"/>
  <testcase classname="day1.HTTPRequest" name="createUser" time="1.45"/>
  <testcase classname="day1.HTTPRequest" name="updateUser" time="0.799"/>
  <testcase classname="day1.HTTPRequest" name="deleteUser" time="0.775"/>
</testsuite> <!-- Default test -->
