<?xml version="1.0" encoding="UTF-8"?>
<testng-results ignored="0" total="4" passed="4" failed="0" skipped="0">
  <reporter-output>
  </reporter-output>
  <suite started-at="2024-05-08T11:54:14 ART" name="Default suite" finished-at="2024-05-08T11:54:23 ART" duration-ms="9290">
    <groups>
    </groups>
    <test started-at="2024-05-08T11:54:14 ART" name="Default test" finished-at="2024-05-08T11:54:23 ART" duration-ms="9290">
      <class name="day1.HTTPRequest">
        <test-method signature="getUsers()[pri:1, instance:day1.HTTPRequest@2d3379b4]" started-at="2024-05-08T11:54:14 ART" name="getUsers" finished-at="2024-05-08T11:54:20 ART" duration-ms="6093" status="PASS">
          <reporter-output>
          </reporter-output>
        </test-method> <!-- getUsers -->
        <test-method signature="createUser()[pri:2, instance:day1.HTTPRequest@2d3379b4]" started-at="2024-05-08T11:54:20 ART" name="createUser" finished-at="2024-05-08T11:54:22 ART" duration-ms="1450" status="PASS">
          <reporter-output>
          </reporter-output>
        </test-method> <!-- createUser -->
        <test-method signature="updateUser()[pri:3, instance:day1.HTTPRequest@2d3379b4]" started-at="2024-05-08T11:54:22 ART" name="updateUser" finished-at="2024-05-08T11:54:23 ART" depends-on-methods="day1.HTTPRequest.createUser" duration-ms="799" status="PASS">
          <reporter-output>
          </reporter-output>
        </test-method> <!-- updateUser -->
        <test-method signature="deleteUser()[pri:4, instance:day1.HTTPRequest@2d3379b4]" started-at="2024-05-08T11:54:23 ART" name="deleteUser" finished-at="2024-05-08T11:54:23 ART" duration-ms="775" status="PASS">
          <reporter-output>
          </reporter-output>
        </test-method> <!-- deleteUser -->
      </class> <!-- day1.HTTPRequest -->
    </test> <!-- Default test -->
  </suite> <!-- Default suite -->
</testng-results>
