<?xml version="1.0" encoding="UTF-8"?>
<testng-results ignored="0" total="1" passed="1" failed="0" skipped="0">
  <reporter-output>
  </reporter-output>
  <suite started-at="2024-05-23T00:20:42 ART" name="Default suite" finished-at="2024-05-23T00:20:48 ART" duration-ms="6482">
    <groups>
    </groups>
    <test started-at="2024-05-23T00:20:42 ART" name="Default test" finished-at="2024-05-23T00:20:48 ART" duration-ms="6482">
      <class name="day3.loggin">
        <test-method signature="testLogs()[pri:0, instance:day3.loggin@515c6049]" started-at="2024-05-23T00:20:42 ART" name="testLogs" finished-at="2024-05-23T00:20:48 ART" duration-ms="6072" status="PASS">
          <reporter-output>
          </reporter-output>
        </test-method> <!-- testLogs -->
      </class> <!-- day3.loggin -->
    </test> <!-- Default test -->
  </suite> <!-- Default suite -->
</testng-results>
